2022-08-09 18:50:46,623 INFO o.a.j.u.JMeterUtils: Setting Locale to en_EN
2022-08-09 18:50:46,640 INFO o.a.j.JMeter: Loading user properties from: /opt/jmeter/bin/user.properties
2022-08-09 18:50:46,640 INFO o.a.j.JMeter: Loading system properties from: /opt/jmeter/bin/system.properties
2022-08-09 18:50:46,646 INFO o.a.j.JMeter: Copyright (c) 1998-2022 The Apache Software Foundation
2022-08-09 18:50:46,646 INFO o.a.j.JMeter: Version 5.5
2022-08-09 18:50:46,646 INFO o.a.j.JMeter: java.version=11.0.12
2022-08-09 18:50:46,646 INFO o.a.j.JMeter: java.vm.name=OpenJDK 64-Bit Server VM
2022-08-09 18:50:46,646 INFO o.a.j.JMeter: os.name=Linux
2022-08-09 18:50:46,646 INFO o.a.j.JMeter: os.arch=amd64
2022-08-09 18:50:46,646 INFO o.a.j.JMeter: os.version=5.15.55-1-MANJARO
2022-08-09 18:50:46,646 INFO o.a.j.JMeter: file.encoding=UTF-8
2022-08-09 18:50:46,646 INFO o.a.j.JMeter: java.awt.headless=null
2022-08-09 18:50:46,646 INFO o.a.j.JMeter: Max memory     =1073741824
2022-08-09 18:50:46,646 INFO o.a.j.JMeter: Available Processors =16
2022-08-09 18:50:46,654 INFO o.a.j.JMeter: Default Locale=English (EN)
2022-08-09 18:50:46,654 INFO o.a.j.JMeter: JMeter  Locale=English (EN)
2022-08-09 18:50:46,654 INFO o.a.j.JMeter: JMeterHome=/opt/jmeter
2022-08-09 18:50:46,654 INFO o.a.j.JMeter: user.dir  =/home/ilijazm/uni/s4/stupro/stress-tests
2022-08-09 18:50:46,654 INFO o.a.j.JMeter: PWD       =/home/ilijazm/uni/s4/stupro/stress-tests
2022-08-09 18:50:46,655 INFO o.a.j.JMeter: IP: 127.0.1.1 Name: ilijaz FullName: ilijaz
2022-08-09 18:50:46,666 INFO o.a.j.JMeter: Loaded icon properties from org/apache/jmeter/images/icon.properties
2022-08-09 18:50:46,869 INFO o.a.j.JMeterGuiLauncher: Setting LAF to: com.github.weisj.darklaf.DarkLaf:com.github.weisj.darklaf.theme.DarculaTheme
2022-08-09 18:50:52,485 INFO o.a.j.s.FileServer: Default base='/home/ilijazm/uni/s4/stupro/stress-tests'
2022-08-09 18:50:52,487 INFO o.a.j.g.a.Load: Loading file: /home/ilijazm/uni/s4/stupro/stress-tests/overworld-backend.jmx
2022-08-09 18:50:52,487 INFO o.a.j.s.FileServer: Set new base='/home/ilijazm/uni/s4/stupro/stress-tests'
2022-08-09 18:50:52,595 INFO o.a.j.s.SaveService: Testplan (JMX) version: 2.2. Testlog (JTL) version: 2.2
2022-08-09 18:50:52,603 INFO o.a.j.s.SaveService: Using SaveService properties version 5.0
2022-08-09 18:50:52,604 INFO o.a.j.s.SaveService: Using SaveService properties file encoding UTF-8
2022-08-09 18:50:52,605 INFO o.a.j.s.SaveService: Loading file: /home/ilijazm/uni/s4/stupro/stress-tests/overworld-backend.jmx
2022-08-09 18:50:52,630 INFO o.a.j.p.h.c.CookieManager: Settings: Delete null: true Check: true Allow variable: true Save: false Prefix: COOKIE_
2022-08-09 18:50:52,633 INFO o.a.j.p.h.s.HTTPSamplerBase: Parser for text/html is org.apache.jmeter.protocol.http.parser.LagartoBasedHtmlParser
2022-08-09 18:50:52,634 INFO o.a.j.p.h.s.HTTPSamplerBase: Parser for application/xhtml+xml is org.apache.jmeter.protocol.http.parser.LagartoBasedHtmlParser
2022-08-09 18:50:52,634 INFO o.a.j.p.h.s.HTTPSamplerBase: Parser for application/xml is org.apache.jmeter.protocol.http.parser.LagartoBasedHtmlParser
2022-08-09 18:50:52,634 INFO o.a.j.p.h.s.HTTPSamplerBase: Parser for text/xml is org.apache.jmeter.protocol.http.parser.LagartoBasedHtmlParser
2022-08-09 18:50:52,634 INFO o.a.j.p.h.s.HTTPSamplerBase: Parser for text/vnd.wap.wml is org.apache.jmeter.protocol.http.parser.RegexpHTMLParser
2022-08-09 18:50:52,634 INFO o.a.j.p.h.s.HTTPSamplerBase: Parser for text/css is org.apache.jmeter.protocol.http.parser.CssParser
2022-08-09 18:50:52,659 INFO o.a.j.s.SampleResult: Note: Sample TimeStamps are START times
2022-08-09 18:50:52,659 INFO o.a.j.s.SampleResult: sampleresult.default.encoding is set to ISO-8859-1
2022-08-09 18:50:52,659 INFO o.a.j.s.SampleResult: sampleresult.useNanoTime=true
2022-08-09 18:50:52,659 INFO o.a.j.s.SampleResult: sampleresult.nanoThreadSleep=5000
2022-08-09 18:50:52,760 INFO o.a.j.v.ViewResultsFullVisualizer: Add JavaFX to your Java installation if you want to use renderer: org.apache.jmeter.visualizers.RenderInBrowser
2022-08-09 18:50:52,984 INFO o.a.j.s.FileServer: Set new base='/home/ilijazm/uni/s4/stupro/stress-tests'
2022-08-09 20:01:15,461 ERROR o.a.j.g.a.Save: Could not backup file! Backup directory does not exist, is not a directory or could not be created ! </opt/jmeter/backups>
